prog -> (-1, -1)
{ -> (-1, -1)
identifier -> (16, 0)
( -> (-1, -1)
int -> (-1, -1)
) -> (-1, -1)
, -> (-1, -1)
identifier -> (7, 0)
( -> (-1, -1)
int -> (-1, -1)
) -> (-1, -1)
, -> (-1, -1)
identifier -> (18, 0)
( -> (-1, -1)
int -> (-1, -1)
) -> (-1, -1)
, -> (-1, -1)
identifier -> (11, 0)
( -> (-1, -1)
int -> (-1, -1)
) -> (-1, -1)
print -> (-1, -1)
( -> (-1, -1)
str const -> (21, 0)
) -> (-1, -1)
read -> (-1, -1)
( -> (-1, -1)
identifier -> (16, 0)
) -> (-1, -1)
identifier -> (7, 0)
= -> (-1, -1)
identifier -> (16, 0)
identifier -> (18, 0)
= -> (-1, -1)
int const -> (0, 0)
int const -> (5, 0)
while -> (-1, -1)
identifier -> (16, 0)
> -> (-1, -1)
int const -> (0, 0)
{ -> (-1, -1)
identifier -> (11, 0)
= -> (-1, -1)
identifier -> (16, 0)
% -> (-1, -1)
int const -> (10, 0)
identifier -> (18, 0)
= -> (-1, -1)
identifier -> (18, 0)
* -> (-1, -1)
int const -> (10, 0)
+ -> (-1, -1)
identifier -> (11, 0)
identifier -> (16, 0)
= -> (-1, -1)
identifier -> (16, 0)
/ -> (-1, -1)
int const -> (10, 0)
} -> (-1, -1)
if -> (-1, -1)
identifier -> (7, 0)
= -> (-1, -1)
= -> (-1, -1)
identifier -> (18, 0)
{ -> (-1, -1)
print -> (-1, -1)
( -> (-1, -1)
str const -> (26, 0)
) -> (-1, -1)
} -> (-1, -1)
else -> (-1, -1)
{ -> (-1, -1)
print -> (-1, -1)
( -> (-1, -1)
str const -> (19, 0)
) -> (-1, -1)
} -> (-1, -1)
} -> (-1, -1)
