prog -> (-1, -1)
{ -> (-1, -1)
identifier -> (16, 0)
( -> (-1, -1)
int -> (-1, -1)
) -> (-1, -1)
, -> (-1, -1)
identifier -> (11, 0)
( -> (-1, -1)
int -> (-1, -1)
) -> (-1, -1)
, -> (-1, -1)
identifier -> (34, 0)
( -> (-1, -1)
int -> (-1, -1)
) -> (-1, -1)
, -> (-1, -1)
identifier -> (28, 0)
( -> (-1, -1)
int -> (-1, -1)
) -> (-1, -1)
print -> (-1, -1)
( -> (-1, -1)
str const -> (41, 0)
) -> (-1, -1)
read -> (-1, -1)
( -> (-1, -1)
identifier -> (16, 0)
) -> (-1, -1)
identifier -> (34, 0)
= -> (-1, -1)
int const -> (0, 0)
identifier -> (28, 0)
= -> (-1, -1)
int const -> (1, 0)
print -> (-1, -1)
( -> (-1, -1)
str const -> (3, 0)
) -> (-1, -1)
print -> (-1, -1)
( -> (-1, -1)
identifier -> (34, 0)
) -> (-1, -1)
} -> (-1, -1)
